<?xml version="1.0" encoding="UTF-8"?>
<testsuite xmlns:xsi="http://www.w3.org/2001/XMLSchema-instance" xsi:noNamespaceSchemaLocation="https://maven.apache.org/surefire/maven-surefire-plugin/xsd/surefire-test-report-3.0.xsd" version="3.0" name="com.demo.kafkaconsumer.KafkaConsumerApplicationTests" time="3.772" tests="1" errors="0" skipped="0" failures="0">
  <properties>
[...]
</properties>
  <testcase name="contextLoads" classname="com.demo.kafkaconsumer.KafkaConsumerApplicationTests" time="1.1">
    <system-out><![CDATA[11:05:16.491 [main] INFO org.springframework.test.context.support.AnnotationConfigContextLoaderUtils -- Could not detect default configuration classes for test class [com.demo.kafkaconsumer.KafkaConsumerApplicationTests]: KafkaConsumerApplicationTests does not declare any static, non-private, non-final, nested classes annotated with @Configuration.
11:05:16.584 [main] INFO org.springframework.boot.test.context.SpringBootTestContextBootstrapper -- Found @SpringBootConfiguration com.demo.kafkaconsumer.KafkaConsumerApplication for test class com.demo.kafkaconsumer.KafkaConsumerApplicationTests

  .   ____          _            __ _ _
 /\\ / ___'_ __ _ _(_)_ __  __ _ \ \ \ \
( ( )\___ | '_ | '_| | '_ \/ _` | \ \ \ \
 \\/  ___)| |_)| | | | | || (_| |  ) ) ) )
  '  |____| .__|_| |_|_| |_\__, | / / / /
 =========|_|==============|___/=/_/_/_/

 :: Spring Boot ::                (v3.3.2)

2024-09-25T11:05:17.140+01:00  INFO 20040 --- [consumer] [           main] c.d.k.KafkaConsumerApplicationTests      : Starting KafkaConsumerApplicationTests using Java 17.0.11 with PID 20040 (started by FrancescoDavideLapen in C:\Users\FrancescoDavideLapen\OneDrive - Zinkworks\Desktop\github\simple-kafka-producer-consumer\kafka-consumer)
2024-09-25T11:05:17.143+01:00  INFO 20040 --- [consumer] [           main] c.d.k.KafkaConsumerApplicationTests      : No active profile set, falling back to 1 default profile: "default"
2024-09-25T11:05:19.035+01:00  INFO 20040 --- [consumer] [           main] c.d.k.KafkaConsumerApplicationTests      : Started KafkaConsumerApplicationTests in 2.245 seconds (process running for 3.303)
]]></system-out>
    <system-err><![CDATA[Sept 25, 2024 11:05:15 AM org.junit.platform.launcher.core.LauncherConfigurationParameters loadClasspathResource
WARNING: Discovered 2 'junit-platform.properties' configuration files in the classpath; only the first will be used.
Sept 25, 2024 11:05:16 AM org.junit.platform.launcher.core.LauncherConfigurationParameters loadClasspathResource
WARNING: Discovered 2 'junit-platform.properties' configuration files in the classpath; only the first will be used.
Sept 25, 2024 11:05:16 AM org.junit.platform.launcher.core.LauncherConfigurationParameters loadClasspathResource
WARNING: Discovered 2 'junit-platform.properties' configuration files in the classpath; only the first will be used.
Sept 25, 2024 11:05:16 AM org.junit.platform.launcher.core.LauncherConfigurationParameters loadClasspathResource
WARNING: Discovered 2 'junit-platform.properties' configuration files in the classpath; only the first will be used.
]]></system-err>
  </testcase>
</testsuite>